e:\work\video_detect_demo\videodemo\videodemo\x64\debug\videodemo.pch
e:\work\video_detect_demo\videodemo\videodemo\x64\debug\vc141.pdb
e:\work\video_detect_demo\videodemo\videodemo\x64\debug\vc141.idb
e:\work\video_detect_demo\videodemo\videodemo\x64\debug\stdafx.obj
e:\work\video_detect_demo\videodemo\videodemo\x64\debug\videoplay.obj
e:\work\video_detect_demo\videodemo\videodemo\x64\debug\videodemodlg.obj
e:\work\video_detect_demo\videodemo\videodemo\x64\debug\videodemo.obj
e:\work\video_detect_demo\videodemo\videodemo\x64\debug\roithread.obj
e:\work\video_detect_demo\videodemo\videodemo\x64\debug\roidialog.obj
e:\work\video_detect_demo\videodemo\videodemo\x64\debug\pretraindetector.obj
e:\work\video_detect_demo\videodemo\videodemo\x64\debug\msrcr.obj
e:\work\video_detect_demo\videodemo\videodemo\x64\debug\imageutils.obj
e:\work\video_detect_demo\videodemo\videodemo\x64\debug\detection.obj
e:\work\video_detect_demo\videodemo\videodemo\x64\debug\dealwithtensorflow.obj
e:\work\video_detect_demo\videodemo\videodemo\x64\debug\cvvimage.obj
e:\work\video_detect_demo\videodemo\x64\debug\videodemo.exe
e:\work\video_detect_demo\videodemo\x64\debug\videodemo.ilk
e:\work\video_detect_demo\videodemo\x64\debug\videodemo.pdb
e:\work\video_detect_demo\videodemo\videodemo\x64\debug\videodemo.res
e:\work\video_detect_demo\videodemo\videodemo\x64\debug\videodemo.tlog\cl.command.1.tlog
e:\work\video_detect_demo\videodemo\videodemo\x64\debug\videodemo.tlog\cl.read.1.tlog
e:\work\video_detect_demo\videodemo\videodemo\x64\debug\videodemo.tlog\cl.write.1.tlog
e:\work\video_detect_demo\videodemo\videodemo\x64\debug\videodemo.tlog\link.command.1.tlog
e:\work\video_detect_demo\videodemo\videodemo\x64\debug\videodemo.tlog\link.read.1.tlog
e:\work\video_detect_demo\videodemo\videodemo\x64\debug\videodemo.tlog\link.write.1.tlog
e:\work\video_detect_demo\videodemo\videodemo\x64\debug\videodemo.tlog\rc.command.1.tlog
e:\work\video_detect_demo\videodemo\videodemo\x64\debug\videodemo.tlog\rc.read.1.tlog
e:\work\video_detect_demo\videodemo\videodemo\x64\debug\videodemo.tlog\rc.write.1.tlog
