d:\github\video_detect_demo\videodemo\videodemo\x64\release\vc142.pdb
d:\github\video_detect_demo\videodemo\videodemo\x64\release\videodemodlg.obj
d:\github\video_detect_demo\videodemo\videodemo\x64\release\msrcr.obj
d:\github\video_detect_demo\videodemo\videodemo\x64\release\imageutils.obj
d:\github\video_detect_demo\videodemo\videodemo\x64\release\videoplay.obj
d:\github\video_detect_demo\videodemo\videodemo\x64\release\videodemo.pch
d:\github\video_detect_demo\videodemo\videodemo\x64\release\stdafx.obj
d:\github\video_detect_demo\videodemo\videodemo\x64\release\videohandler.obj
d:\github\video_detect_demo\videodemo\videodemo\x64\release\videodemo.obj
d:\github\video_detect_demo\videodemo\videodemo\x64\release\utils.obj
d:\github\video_detect_demo\videodemo\videodemo\x64\release\targetextractor.obj
d:\github\video_detect_demo\videodemo\videodemo\x64\release\roithread.obj
d:\github\video_detect_demo\videodemo\videodemo\x64\release\roidialog.obj
d:\github\video_detect_demo\videodemo\videodemo\x64\release\pretraindetector.obj
d:\github\video_detect_demo\videodemo\videodemo\x64\release\flamedetector.obj
d:\github\video_detect_demo\videodemo\videodemo\x64\release\flamedecider.obj
d:\github\video_detect_demo\videodemo\videodemo\x64\release\featureanalyzer.obj
d:\github\video_detect_demo\videodemo\videodemo\x64\release\detection.obj
d:\github\video_detect_demo\videodemo\videodemo\x64\release\dealwithtensorflow.obj
d:\github\video_detect_demo\videodemo\videodemo\x64\release\cvvimage.obj
d:\github\video_detect_demo\videodemo\videodemo\x64\release\hazeremoval.obj
d:\github\video_detect_demo\videodemo\videodemo\x64\release\guidefilter.obj
d:\github\video_detect_demo\videodemo\videodemo\x64\release\darkchannel.obj
d:\github\video_detect_demo\videodemo\videodemo\x64\release\facefactory.obj
d:\github\video_detect_demo\videodemo\videodemo\x64\release\objecttracking.obj
d:\github\video_detect_demo\videodemo\x64\release\videodemo.exe
d:\github\video_detect_demo\videodemo\x64\release\videodemo.pdb
d:\github\video_detect_demo\videodemo\videodemo\x64\release\videodemo.res
d:\github\video_detect_demo\videodemo\x64\release\videodemo.ipdb
d:\github\video_detect_demo\videodemo\x64\release\videodemo.iobj
d:\github\video_detect_demo\videodemo\videodemo\x64\release\videodemo.tlog\cl.command.1.tlog
d:\github\video_detect_demo\videodemo\videodemo\x64\release\videodemo.tlog\cl.read.1.tlog
d:\github\video_detect_demo\videodemo\videodemo\x64\release\videodemo.tlog\cl.write.1.tlog
d:\github\video_detect_demo\videodemo\videodemo\x64\release\videodemo.tlog\link.command.1.tlog
d:\github\video_detect_demo\videodemo\videodemo\x64\release\videodemo.tlog\link.delete.1.tlog
d:\github\video_detect_demo\videodemo\videodemo\x64\release\videodemo.tlog\link.read.1.tlog
d:\github\video_detect_demo\videodemo\videodemo\x64\release\videodemo.tlog\link.write.1.tlog
d:\github\video_detect_demo\videodemo\videodemo\x64\release\videodemo.tlog\rc.command.1.tlog
d:\github\video_detect_demo\videodemo\videodemo\x64\release\videodemo.tlog\rc.read.1.tlog
d:\github\video_detect_demo\videodemo\videodemo\x64\release\videodemo.tlog\rc.write.1.tlog
d:\github\video_detect_demo\videodemo\videodemo\x64\release\videodemo.tlog\videodemo.write.1u.tlog
