  ImageUtils.cpp
D:\github\video_detect_demo\VideoDemo\VideoDemo\ImageUtils.cpp(41,29): warning C4305:  “=”: 从“double”到“float”截断
D:\github\video_detect_demo\VideoDemo\VideoDemo\ImageUtils.cpp(44,27): warning C4305:  “=”: 从“double”到“float”截断
D:\github\video_detect_demo\VideoDemo\VideoDemo\ImageUtils.cpp(599,88): warning C4129:  “%”: 不可识别的字符转义序列
D:\github\video_detect_demo\VideoDemo\VideoDemo\ImageUtils.cpp(730,57): warning C4129:  “%”: 不可识别的字符转义序列
D:\github\video_detect_demo\VideoDemo\VideoDemo\ImageUtils.cpp(742,62): warning C4311:  “类型强制转换”: 从“HANDLE”到“long”的指针截断
D:\github\video_detect_demo\VideoDemo\VideoDemo\ImageUtils.cpp(742,62): warning C4302:  “类型强制转换”: 从“HANDLE”到“long”截断
D:\github\video_detect_demo\VideoDemo\VideoDemo\ImageUtils.cpp(1272,9): warning C4244:  “初始化”: 从“__int64”转换到“int”，可能丢失数据
D:\github\video_detect_demo\VideoDemo\VideoDemo\ImageUtils.cpp(1334): message :  查看对正在编译的函数 模板 实例化“int find_nearest_above<int>(std::vector<int,std::allocator<_Ty>>,T)”的引用
D:\github\video_detect_demo\VideoDemo\VideoDemo\ImageUtils.cpp(1334): message :         with
D:\github\video_detect_demo\VideoDemo\VideoDemo\ImageUtils.cpp(1334): message :         [
D:\github\video_detect_demo\VideoDemo\VideoDemo\ImageUtils.cpp(1334): message :             _Ty=int,
D:\github\video_detect_demo\VideoDemo\VideoDemo\ImageUtils.cpp(1334): message :             T=int
D:\github\video_detect_demo\VideoDemo\VideoDemo\ImageUtils.cpp(1334): message :         ]
D:\github\video_detect_demo\VideoDemo\VideoDemo\ImageUtils.cpp(1280,8): warning C4244:  “初始化”: 从“__int64”转换到“int”，可能丢失数据
  正在生成代码
  1 of 3049 functions (<0.1%) were compiled, the rest were copied from previous compilation.
    0 functions were new in current compilation
    4 functions had inline decision re-evaluated but remain unchanged
  已完成代码的生成
  VideoDemo.vcxproj -> D:\github\video_detect_demo\VideoDemo\x64\Release\VideoDemo.exe
